<?xml version="1.0" encoding="UTF-8"?>
<!-- Generated by org.testng.reporters.JUnitXMLReporter -->
<testsuite ignored="0" hostname="DESKTOP-H572DK8" failures="0" tests="4" name="Test" time="0.116" errors="0" timestamp="2025-11-11T11:01:51 IST">
  <testcase classname="com.version.orgtest.OrgTest" name="createOrgTest" time="0.008"/>
  <testcase classname="com.version.orgtest.OrgTest" name="modifyOrgTest" time="0.002"/>
  <testcase classname="com.version.contacttest.ContactTest" name="createContactTest" time="0.002"/>
  <testcase classname="com.version.contacttest.ContactTest" name="modifyContactTest" time="0.004"/>
</testsuite> <!-- Test -->
