<?xml version="1.0" encoding="UTF-8"?>
<!-- Generated by org.testng.reporters.JUnitReportReporter -->
<testsuite hostname="DESKTOP-H572DK8" failures="0" tests="2" name="com.version.contacttest.ContactTest" time="0.006" errors="0" timestamp="2025-11-11T11:01:52 IST" skipped="0">
  <testcase classname="com.version.contacttest.ContactTest" name="createContactTest" time="0.002"/>
  <testcase classname="com.version.contacttest.ContactTest" name="modifyContactTest" time="0.004"/>
</testsuite> <!-- com.version.contacttest.ContactTest -->
