<?xml version="1.0" encoding="UTF-8"?>
<testng-results ignored="0" total="4" passed="4" failed="0" skipped="0">
  <reporter-output>
  </reporter-output>
  <suite started-at="2025-11-11T11:01:51 IST" name="Suite" finished-at="2025-11-11T11:01:51 IST" duration-ms="116">
    <groups>
    </groups>
    <test started-at="2025-11-11T11:01:51 IST" name="Test" finished-at="2025-11-11T11:01:51 IST" duration-ms="116">
      <class name="com.version.contacttest.ContactTest">
        <test-method signature="createContactTest()[pri:0, instance:com.version.contacttest.ContactTest@5af3afd9]" started-at="2025-11-11T11:01:51 IST" name="createContactTest" finished-at="2025-11-11T11:01:51 IST" duration-ms="2" status="PASS">
          <reporter-output>
          </reporter-output>
        </test-method> <!-- createContactTest -->
        <test-method signature="modifyContactTest()[pri:0, instance:com.version.contacttest.ContactTest@5af3afd9]" started-at="2025-11-11T11:01:51 IST" name="modifyContactTest" finished-at="2025-11-11T11:01:51 IST" duration-ms="4" status="PASS">
          <reporter-output>
          </reporter-output>
        </test-method> <!-- modifyContactTest -->
      </class> <!-- com.version.contacttest.ContactTest -->
      <class name="com.version.orgtest.OrgTest">
        <test-method signature="createOrgTest()[pri:0, instance:com.version.orgtest.OrgTest@3ce1e309]" started-at="2025-11-11T11:01:51 IST" name="createOrgTest" finished-at="2025-11-11T11:01:51 IST" duration-ms="8" status="PASS">
          <reporter-output>
          </reporter-output>
        </test-method> <!-- createOrgTest -->
        <test-method signature="modifyOrgTest()[pri:0, instance:com.version.orgtest.OrgTest@3ce1e309]" started-at="2025-11-11T11:01:51 IST" name="modifyOrgTest" finished-at="2025-11-11T11:01:51 IST" duration-ms="2" status="PASS">
          <reporter-output>
          </reporter-output>
        </test-method> <!-- modifyOrgTest -->
      </class> <!-- com.version.orgtest.OrgTest -->
    </test> <!-- Test -->
  </suite> <!-- Suite -->
</testng-results>
