<?xml version="1.0" encoding="UTF-8"?>
<testsuite xmlns:xsi="http://www.w3.org/2001/XMLSchema-instance" xsi:noNamespaceSchemaLocation="https://maven.apache.org/surefire/maven-surefire-plugin/xsd/surefire-test-report-3.0.xsd" version="3.0" name="TestSuite" time="1.143" tests="4" errors="0" skipped="0" failures="0">
  <properties>
[...]
</properties>
  <testcase name="createOrgTest" classname="com.version.orgtest.OrgTest" time="0.012">
    <system-out><![CDATA[execute createOrgTest
]]></system-out>
    <system-err><![CDATA[SLF4J(W): No SLF4J providers were found.
SLF4J(W): Defaulting to no-operation (NOP) logger implementation
SLF4J(W): See https://www.slf4j.org/codes.html#noProviders for further details.
]]></system-err>
  </testcase>
  <testcase name="modifyOrgTest" classname="com.version.orgtest.OrgTest" time="0.003">
    <system-out><![CDATA[execute modifyOrgTest
]]></system-out>
  </testcase>
  <testcase name="createContactTest" classname="com.version.contacttest.ContactTest" time="0.014">
    <system-out><![CDATA[http://49.249.28.218:8888/
chrome
admin
admin
execute createContactTest
]]></system-out>
  </testcase>
  <testcase name="modifyContactTest" classname="com.version.contacttest.ContactTest" time="0.005">
    <system-out><![CDATA[execute modifyContactTest
]]></system-out>
  </testcase>
</testsuite>